{
  "stats": {
    "suites": 1,
    "tests": 1,
    "passes": 1,
    "pending": 0,
    "failures": 0,
    "start": "2021-07-08T03:02:45.181Z",
    "end": "2021-07-08T03:03:01.240Z",
    "duration": 16059,
    "testsRegistered": 1,
    "passPercent": 100,
    "pendingPercent": 0,
    "other": 0,
    "hasOther": false,
    "skipped": 0,
    "hasSkipped": false
  },
  "results": [
    {
      "uuid": "7d6ce18d-f99a-405d-941e-32868351e66d",
      "title": "",
      "fullFile": "cypress/integration/cadastro.spec.js",
      "file": "cypress/integration/cadastro.spec.js",
      "beforeHooks": [],
      "afterHooks": [],
      "tests": [],
      "suites": [
        {
          "uuid": "ccf2fb3e-03c9-4813-8280-7215832f1106",
          "title": "Cadastro",
          "fullFile": "",
          "file": "",
          "beforeHooks": [],
          "afterHooks": [],
          "tests": [
            {
              "title": "Cadastro de usuario em site",
              "fullTitle": "Cadastro Cadastro de usuario em site",
              "timedOut": null,
              "duration": 16029,
              "state": "passed",
              "speed": "slow",
              "pass": true,
              "fail": false,
              "pending": false,
              "context": null,
              "code": "cy.visit('');\ncy.get('.login').click();\ncy.get('input#email_create').clear().type(chance.email());\ncy.get('#SubmitCreate > span').click();\ncy.get('input#id_gender2').check();\ncy.get('input#customer_firstname').type(chance.first());\ncy.get('input#customer_lastname').type(chance.last()); // cy.get('input#email').type(chance.email())\ncy.get('input#passwd').type(chance.string({\n  length: 5\n}));\ncy.get('select#days').select('22');\ncy.get('select#months').select('5');\ncy.get('select#years').select('1980');\ncy.get('input#newsletter').check();\ncy.get('input#optin').check();\ncy.get('input#firstname').type(chance.first());\ncy.get('input#lastname').type(chance.last());\ncy.get('input#company').type(chance.company());\ncy.get('input#address1').type(chance.address()); // cy.get('input#address2')\ncy.get('input#city').type(chance.city());\ncy.get('select#id_state').select('Alabama', {\n  force: true\n});\ncy.get('input#postcode').type(chance.zip()); // cy.get('select#id_country').select('21')\ncy.get('textarea#other').type('Teste automatizado');\ncy.get('input#phone').type(chance.phone({\n  formatted: false\n}));\ncy.get('input#phone_mobile').type(chance.phone({\n  formatted: false,\n  country: 'uk',\n  mobile: true\n}));\ncy.get('input#alias').type(chance.address());\ncy.get('#submitAccount > span').click();\ncy.url().should('contain', 'index.php?controller=my-account');\ncy.get('.info-account').should('contain', 'Welcome to your account. Here you can manage all of your personal information and orders.'); // // POST 200 /index.php",
              "err": {},
              "uuid": "4a6a0857-9bcb-4e3f-b856-1f2188c2f66d",
              "parentUUID": "ccf2fb3e-03c9-4813-8280-7215832f1106",
              "isHook": false,
              "skipped": false
            }
          ],
          "suites": [],
          "passes": [
            "4a6a0857-9bcb-4e3f-b856-1f2188c2f66d"
          ],
          "failures": [],
          "pending": [],
          "skipped": [],
          "duration": 16029,
          "root": false,
          "rootEmpty": false,
          "_timeout": 2000
        }
      ],
      "passes": [],
      "failures": [],
      "pending": [],
      "skipped": [],
      "duration": 0,
      "root": true,
      "rootEmpty": true,
      "_timeout": 2000
    }
  ],
  "meta": {
    "mocha": {
      "version": "7.0.1"
    },
    "mochawesome": {
      "options": {
        "quiet": true,
        "reportFilename": "mochawesome",
        "saveHtml": false,
        "saveJson": true,
        "consoleReporter": "spec",
        "useInlineDiffs": false,
        "code": true
      },
      "version": "6.2.2"
    },
    "marge": {
      "options": {
        "id": "default",
        "reportDir": "mochawesome-report",
        "quiet": true,
        "overwrite": false,
        "html": false,
        "json": true
      },
      "version": "5.2.0"
    }
  }
}